[2023-03-10 02:15:33] [1] [WARN] Reporting disabled: using no op test run registrar
[2023-03-10 02:15:33] [1] [INFO] TEST [project-qa - loginTest] STARTED at [08:15:33 2023-03-10]
[2023-03-10 02:15:33] [1] [INFO] Starting driver session...
[2023-03-10 02:15:36] [1] [INFO] Reflections took 3127 ms to scan 180 urls, producing 11141 keys and 56314 values 
[2023-03-10 02:15:36] [1] [ERROR] Failed to attach artifact reference 'app' to test run because it has not been started yet.
[2023-03-10 02:15:37] [1] [ERROR] TEST [project-qa - loginTest] FAILED at [08:15:37 2023-03-10] - Could not start a new session. Possible causes are invalid address of the remote server or browser start-up failure.

org.openqa.selenium.remote.RemoteWebDriver.execute(RemoteWebDriver.java:565)
io.appium.java_client.AppiumDriver.startSession$original$ZcSBawKR(AppiumDriver.java:229)
io.appium.java_client.AppiumDriver.startSession$original$ZcSBawKR$accessor$1kPwkCPC(AppiumDriver.java)
io.appium.java_client.AppiumDriver$auxiliary$2XKkqrfC.run(Unknown Source)
com.zebrunner.agent.core.webdriver.StartSessionInterceptor.onSessionStart(StartSessionInterceptor.java:42)
io.appium.java_client.AppiumDriver.startSession(AppiumDriver.java)
org.openqa.selenium.remote.RemoteWebDriver.<init>(RemoteWebDriver.java:157)
io.appium.java_client.AppiumDriver.<init>(AppiumDriver.java:80)
io.appium.java_client.android.AndroidDriver.<init>(AndroidDriver.java:107)
com.qaprosoft.carina.core.foundation.webdriver.core.factory.impl.MobileFactory.create(MobileFactory.java:125)
com.qaprosoft.carina.core.foundation.webdriver.core.factory.DriverFactory.create(DriverFactory.java:90)
com.qaprosoft.carina.core.foundation.webdriver.IDriverPool.createDriver(IDriverPool.java:398)
com.qaprosoft.carina.core.foundation.webdriver.IDriverPool.getDriver(IDriverPool.java:124)
com.qaprosoft.carina.core.foundation.webdriver.IDriverPool.getDriver(IDriverPool.java:84)
com.qaprosoft.carina.core.foundation.webdriver.IDriverPool.getDriver(IDriverPool.java:72)
com.mycompany.carina.uitest.SauceDemoTestTest.loginTest(SauceDemoTest.java:14)
java.base/jdk.internal.reflect.DirectMethodHandleAccessor.invoke(DirectMethodHandleAccessor.java:104)
java.base/java.lang.reflect.Method.invoke(Method.java:578)
org.testng.internal.invokers.MethodInvocationHelper.invokeMethod(MethodInvocationHelper.java:139)
org.testng.internal.invokers.TestInvoker.invokeMethod(TestInvoker.java:677)
org.testng.internal.invokers.TestInvoker.invokeTestMethod(TestInvoker.java:221)
org.testng.internal.invokers.MethodRunner.runInSequence(MethodRunner.java:50)
org.testng.internal.invokers.TestInvoker$MethodInvocationAgent.invoke(TestInvoker.java:962)
org.testng.internal.invokers.TestInvoker.invokeTestMethods(TestInvoker.java:194)
org.testng.internal.invokers.TestMethodWorker.invokeTestMethods(TestMethodWorker.java:148)
org.testng.internal.invokers.TestMethodWorker.run(TestMethodWorker.java:128)
java.base/java.util.ArrayList.forEach(ArrayList.java:1511)
org.testng.TestRunner.privateRun(TestRunner.java:806)
org.testng.TestRunner.run(TestRunner.java:601)
org.testng.SuiteRunner.runTest(SuiteRunner.java:433)
org.testng.SuiteRunner.runSequentially(SuiteRunner.java:427)
org.testng.SuiteRunner.privateRun(SuiteRunner.java:387)
org.testng.SuiteRunner.run(SuiteRunner.java:330)
org.testng.SuiteRunnerWorker.runSuite(SuiteRunnerWorker.java:52)
org.testng.SuiteRunnerWorker.run(SuiteRunnerWorker.java:95)
org.testng.TestNG.runSuitesSequentially(TestNG.java:1256)
org.testng.TestNG.runSuitesLocally(TestNG.java:1176)
org.testng.TestNG.runSuites(TestNG.java:1099)
org.testng.TestNG.run(TestNG.java:1067)
com.intellij.rt.testng.IDEARemoteTestNG.run(IDEARemoteTestNG.java:66)
com.intellij.rt.testng.RemoteTestNGStarter.main(RemoteTestNGStarter.java:109)
